<?xml version="1.0" encoding="UTF-8"?>
<coverage generated="1725180673889" clover="3.2.0">
  <project timestamp="1725180673889" name="All files">
    <metrics statements="32" coveredstatements="32" conditionals="6" coveredconditionals="5" methods="9" coveredmethods="9" elements="47" coveredelements="46" complexity="0" loc="32" ncloc="32" packages="1" files="2" classes="2"/>
    <file name="popup.js" path="/Users/procrustes/develop/URL-Shortener/UrlShortner/popup/popup.js">
      <metrics statements="5" coveredstatements="5" conditionals="0" coveredconditionals="0" methods="2" coveredmethods="2"/>
      <line num="1" count="3" type="stmt"/>
      <line num="2" count="5" type="stmt"/>
      <line num="5" count="3" type="stmt"/>
      <line num="6" count="3" type="stmt"/>
      <line num="7" count="3" type="stmt"/>
    </file>
    <file name="popup_tab_groups.js" path="/Users/procrustes/develop/URL-Shortener/UrlShortner/popup/popup_tab_groups.js">
      <metrics statements="27" coveredstatements="27" conditionals="6" coveredconditionals="5" methods="7" coveredmethods="7"/>
      <line num="1" count="3" type="stmt"/>
      <line num="2" count="5" type="stmt"/>
      <line num="5" count="5" type="stmt"/>
      <line num="9" count="3" type="stmt"/>
      <line num="13" count="5" type="stmt"/>
      <line num="14" count="5" type="stmt"/>
      <line num="15" count="5" type="stmt"/>
      <line num="17" count="5" type="stmt"/>
      <line num="19" count="5" type="stmt"/>
      <line num="20" count="5" type="stmt"/>
      <line num="21" count="5" type="stmt"/>
      <line num="22" count="5" type="stmt"/>
      <line num="24" count="5" type="stmt"/>
      <line num="25" count="10" type="stmt"/>
      <line num="26" count="10" type="stmt"/>
      <line num="27" count="10" type="cond" truecount="1" falsecount="1"/>
      <line num="28" count="10" type="stmt"/>
      <line num="30" count="10" type="cond" truecount="2" falsecount="0"/>
      <line num="31" count="2" type="stmt"/>
      <line num="35" count="5" type="cond" truecount="2" falsecount="0"/>
      <line num="36" count="2" type="stmt"/>
      <line num="38" count="3" type="stmt"/>
      <line num="39" count="3" type="stmt"/>
      <line num="44" count="5" type="stmt"/>
      <line num="46" count="5" type="stmt"/>
      <line num="47" count="3" type="stmt"/>
      <line num="48" count="3" type="stmt"/>
    </file>
  </project>
</coverage>
