{"/Users/procrustes/develop/URL-Shortener/UrlShortner/popup/popup.js": {"path":"/Users/procrustes/develop/URL-Shortener/UrlShortner/popup/popup.js","statementMap":{"0":{"start":{"line":1,"column":0},"end":{"line":3,"column":3}},"1":{"start":{"line":2,"column":4},"end":{"line":2,"column":93}},"2":{"start":{"line":5,"column":31},"end":{"line":8,"column":1}},"3":{"start":{"line":6,"column":16},"end":{"line":6,"column":63}},"4":{"start":{"line":7,"column":4},"end":{"line":7,"column":37}}},"fnMap":{"0":{"name":"(anonymous_0)","decl":{"start":{"line":1,"column":46},"end":{"line":1,"column":47}},"loc":{"start":{"line":1,"column":58},"end":{"line":3,"column":1}},"line":1},"1":{"name":"(anonymous_1)","decl":{"start":{"line":5,"column":31},"end":{"line":5,"column":32}},"loc":{"start":{"line":5,"column":37},"end":{"line":8,"column":1}},"line":5}},"branchMap":{},"s":{"0":3,"1":5,"2":3,"3":3,"4":3},"f":{"0":5,"1":3},"b":{},"_coverageSchema":"1a1c01bbd47fc00a2c39e90264f33305004495a9","hash":"c5c706f4fb6a7046f01307a3e69c4f5fe40bb16f"}
,"/Users/procrustes/develop/URL-Shortener/UrlShortner/popup/popup_tab_groups.js": {"path":"/Users/procrustes/develop/URL-Shortener/UrlShortner/popup/popup_tab_groups.js","statementMap":{"0":{"start":{"line":1,"column":0},"end":{"line":50,"column":3}},"1":{"start":{"line":2,"column":25},"end":{"line":2,"column":66}},"2":{"start":{"line":5,"column":8},"end":{"line":5,"column":58}},"3":{"start":{"line":9,"column":8},"end":{"line":9,"column":60}},"4":{"start":{"line":13,"column":4},"end":{"line":41,"column":7}},"5":{"start":{"line":14,"column":27},"end":{"line":14,"column":47}},"6":{"start":{"line":15,"column":29},"end":{"line":15,"column":34}},"7":{"start":{"line":17,"column":6},"end":{"line":17,"column":36}},"8":{"start":{"line":19,"column":28},"end":{"line":19,"column":60}},"9":{"start":{"line":20,"column":6},"end":{"line":20,"column":31}},"10":{"start":{"line":21,"column":6},"end":{"line":21,"column":53}},"11":{"start":{"line":22,"column":6},"end":{"line":22,"column":48}},"12":{"start":{"line":24,"column":6},"end":{"line":33,"column":9}},"13":{"start":{"line":25,"column":23},"end":{"line":25,"column":55}},"14":{"start":{"line":26,"column":8},"end":{"line":26,"column":32}},"15":{"start":{"line":27,"column":8},"end":{"line":27,"column":64}},"16":{"start":{"line":28,"column":8},"end":{"line":28,"column":43}},"17":{"start":{"line":30,"column":8},"end":{"line":32,"column":9}},"18":{"start":{"line":31,"column":10},"end":{"line":31,"column":34}},"19":{"start":{"line":35,"column":6},"end":{"line":40,"column":7}},"20":{"start":{"line":36,"column":8},"end":{"line":36,"column":44}},"21":{"start":{"line":38,"column":8},"end":{"line":38,"column":34}},"22":{"start":{"line":39,"column":8},"end":{"line":39,"column":54}},"23":{"start":{"line":44,"column":2},"end":{"line":44,"column":22}},"24":{"start":{"line":46,"column":2},"end":{"line":49,"column":5}},"25":{"start":{"line":47,"column":28},"end":{"line":47,"column":38}},"26":{"start":{"line":48,"column":4},"end":{"line":48,"column":36}}},"fnMap":{"0":{"name":"(anonymous_0)","decl":{"start":{"line":1,"column":46},"end":{"line":1,"column":47}},"loc":{"start":{"line":1,"column":57},"end":{"line":50,"column":1}},"line":1},"1":{"name":"getSavedTabGroupId","decl":{"start":{"line":4,"column":11},"end":{"line":4,"column":29}},"loc":{"start":{"line":4,"column":32},"end":{"line":6,"column":3}},"line":4},"2":{"name":"saveTabGroupId","decl":{"start":{"line":8,"column":11},"end":{"line":8,"column":25}},"loc":{"start":{"line":8,"column":35},"end":{"line":10,"column":3}},"line":8},"3":{"name":"populateTabGroups","decl":{"start":{"line":12,"column":11},"end":{"line":12,"column":28}},"loc":{"start":{"line":12,"column":31},"end":{"line":42,"column":3}},"line":12},"4":{"name":"(anonymous_4)","decl":{"start":{"line":13,"column":31},"end":{"line":13,"column":32}},"loc":{"start":{"line":13,"column":48},"end":{"line":41,"column":5}},"line":13},"5":{"name":"(anonymous_5)","decl":{"start":{"line":24,"column":21},"end":{"line":24,"column":22}},"loc":{"start":{"line":24,"column":30},"end":{"line":33,"column":7}},"line":24},"6":{"name":"(anonymous_6)","decl":{"start":{"line":46,"column":44},"end":{"line":46,"column":45}},"loc":{"start":{"line":46,"column":55},"end":{"line":49,"column":3}},"line":46}},"branchMap":{"0":{"loc":{"start":{"line":27,"column":29},"end":{"line":27,"column":63}},"type":"binary-expr","locations":[{"start":{"line":27,"column":29},"end":{"line":27,"column":40}},{"start":{"line":27,"column":44},"end":{"line":27,"column":63}}],"line":27},"1":{"loc":{"start":{"line":30,"column":8},"end":{"line":32,"column":9}},"type":"if","locations":[{"start":{"line":30,"column":8},"end":{"line":32,"column":9}},{"start":{},"end":{}}],"line":30},"2":{"loc":{"start":{"line":35,"column":6},"end":{"line":40,"column":7}},"type":"if","locations":[{"start":{"line":35,"column":6},"end":{"line":40,"column":7}},{"start":{"line":37,"column":13},"end":{"line":40,"column":7}}],"line":35}},"s":{"0":3,"1":5,"2":5,"3":3,"4":5,"5":5,"6":5,"7":5,"8":5,"9":5,"10":5,"11":5,"12":5,"13":10,"14":10,"15":10,"16":10,"17":10,"18":2,"19":5,"20":2,"21":3,"22":3,"23":5,"24":5,"25":3,"26":3},"f":{"0":5,"1":5,"2":3,"3":5,"4":5,"5":10,"6":3},"b":{"0":[10,0],"1":[2,8],"2":[2,3]},"_coverageSchema":"1a1c01bbd47fc00a2c39e90264f33305004495a9","hash":"119fb51496c2711eed45f52d1c76055707c4beb3"}
}
