TN:
SF:UrlShortner/popup/popup.js
FN:1,(anonymous_0)
FN:5,(anonymous_1)
FNF:2
FNH:2
FNDA:5,(anonymous_0)
FNDA:3,(anonymous_1)
DA:1,3
DA:2,5
DA:5,3
DA:6,3
DA:7,3
LF:5
LH:5
BRF:0
BRH:0
end_of_record
TN:
SF:UrlShortner/popup/popup_tab_groups.js
FN:1,(anonymous_0)
FN:4,getSavedTabGroupId
FN:8,saveTabGroupId
FN:12,populateTabGroups
FN:13,(anonymous_4)
FN:24,(anonymous_5)
FN:46,(anonymous_6)
FNF:7
FNH:7
FNDA:5,(anonymous_0)
FNDA:5,getSavedTabGroupId
FNDA:3,saveTabGroupId
FNDA:5,populateTabGroups
FNDA:5,(anonymous_4)
FNDA:10,(anonymous_5)
FNDA:3,(anonymous_6)
DA:1,3
DA:2,5
DA:5,5
DA:9,3
DA:13,5
DA:14,5
DA:15,5
DA:17,5
DA:19,5
DA:20,5
DA:21,5
DA:22,5
DA:24,5
DA:25,10
DA:26,10
DA:27,10
DA:28,10
DA:30,10
DA:31,2
DA:35,5
DA:36,2
DA:38,3
DA:39,3
DA:44,5
DA:46,5
DA:47,3
DA:48,3
LF:27
LH:27
BRDA:27,0,0,10
BRDA:27,0,1,0
BRDA:30,1,0,2
BRDA:30,1,1,8
BRDA:35,2,0,2
BRDA:35,2,1,3
BRF:6
BRH:5
end_of_record
